2021-07-15 15:01:01.936  INFO [movie-service,,] 6956 --- [restartedMain] .e.DevToolsPropertyDefaultsPostProcessor : Devtools property defaults active! Set 'spring.devtools.add-properties' to 'false' to disable
2021-07-15 15:01:02.506  INFO [movie-service,,] 6956 --- [restartedMain] c.c.c.ConfigServicePropertySourceLocator : Fetching config from server at : http://localhost:9090
2021-07-15 15:01:04.899  INFO [movie-service,,] 6956 --- [restartedMain] c.c.c.ConfigServicePropertySourceLocator : Located environment: name=movie-service, profiles=[default], label=null, version=5f7dfff238b1672a7bdcddaaaaecf124a49813c6, state=null
2021-07-15 15:01:04.901  INFO [movie-service,,] 6956 --- [restartedMain] b.c.PropertySourceBootstrapConfiguration : Located property source: [BootstrapPropertySource {name='bootstrapProperties-configClient'}, BootstrapPropertySource {name='bootstrapProperties-https://github.com/dnilay/config-server-repo.git/file:C:\Users\001ZTA~1\AppData\Local\Temp\config-repo-11713700378201023907\application.yml'}]
2021-07-15 15:01:04.926  INFO [movie-service,,] 6956 --- [restartedMain] c.example.demo.MovieServiceApplication   : No active profile set, falling back to default profiles: default
2021-07-15 15:01:05.923  INFO [movie-service,,] 6956 --- [restartedMain] .s.d.r.c.RepositoryConfigurationDelegate : Bootstrapping Spring Data JPA repositories in DEFAULT mode.
2021-07-15 15:01:06.058  INFO [movie-service,,] 6956 --- [restartedMain] .s.d.r.c.RepositoryConfigurationDelegate : Finished Spring Data repository scanning in 128 ms. Found 1 JPA repository interfaces.
2021-07-15 15:01:06.457  INFO [movie-service,,] 6956 --- [restartedMain] o.s.cloud.context.scope.GenericScope     : BeanFactory id=1d171e5c-7e35-34a1-8589-779c5e899b0a
2021-07-15 15:01:07.355  INFO [movie-service,,] 6956 --- [restartedMain] o.s.b.w.embedded.tomcat.TomcatWebServer  : Tomcat initialized with port(s): 0 (http)
2021-07-15 15:01:07.364  INFO [movie-service,,] 6956 --- [restartedMain] o.apache.catalina.core.StandardService   : Starting service [Tomcat]
2021-07-15 15:01:07.365  INFO [movie-service,,] 6956 --- [restartedMain] org.apache.catalina.core.StandardEngine  : Starting Servlet engine: [Apache Tomcat/9.0.48]
2021-07-15 15:01:07.487  INFO [movie-service,,] 6956 --- [restartedMain] o.a.c.c.C.[Tomcat].[localhost].[/]       : Initializing Spring embedded WebApplicationContext
2021-07-15 15:01:07.487  INFO [movie-service,,] 6956 --- [restartedMain] w.s.c.ServletWebServerApplicationContext : Root WebApplicationContext: initialization completed in 2535 ms
2021-07-15 15:01:07.761  INFO [movie-service,,] 6956 --- [restartedMain] com.zaxxer.hikari.HikariDataSource       : HikariPool-1 - Starting...
2021-07-15 15:01:07.939  INFO [movie-service,,] 6956 --- [restartedMain] com.zaxxer.hikari.HikariDataSource       : HikariPool-1 - Start completed.
2021-07-15 15:01:07.945  INFO [movie-service,,] 6956 --- [restartedMain] o.s.b.a.h2.H2ConsoleAutoConfiguration    : H2 console available at '/h2-console'. Database available at 'jdbc:h2:mem:testDB'
2021-07-15 15:01:09.394  INFO [movie-service,,] 6956 --- [restartedMain] o.hibernate.jpa.internal.util.LogHelper  : HHH000204: Processing PersistenceUnitInfo [name: default]
2021-07-15 15:01:09.438  INFO [movie-service,,] 6956 --- [restartedMain] org.hibernate.Version                    : HHH000412: Hibernate ORM core version 5.4.32.Final
2021-07-15 15:01:09.571  INFO [movie-service,,] 6956 --- [restartedMain] o.hibernate.annotations.common.Version   : HCANN000001: Hibernate Commons Annotations {5.1.2.Final}
2021-07-15 15:01:09.702  INFO [movie-service,,] 6956 --- [restartedMain] org.hibernate.dialect.Dialect            : HHH000400: Using dialect: org.hibernate.dialect.H2Dialect
2021-07-15 15:01:10.259  INFO [movie-service,,] 6956 --- [restartedMain] o.h.e.t.j.p.i.JtaPlatformInitiator       : HHH000490: Using JtaPlatform implementation: [org.hibernate.engine.transaction.jta.platform.internal.NoJtaPlatform]
2021-07-15 15:01:10.269  INFO [movie-service,,] 6956 --- [restartedMain] j.LocalContainerEntityManagerFactoryBean : Initialized JPA EntityManagerFactory for persistence unit 'default'
2021-07-15 15:01:10.368  WARN [movie-service,,] 6956 --- [restartedMain] o.s.b.d.a.OptionalLiveReloadServer       : Unable to start LiveReload server
2021-07-15 15:01:10.880  WARN [movie-service,,] 6956 --- [restartedMain] JpaBaseConfiguration$JpaWebConfiguration : spring.jpa.open-in-view is enabled by default. Therefore, database queries may be performed during view rendering. Explicitly configure spring.jpa.open-in-view to disable this warning
2021-07-15 15:01:12.647  INFO [movie-service,,] 6956 --- [restartedMain] DiscoveryClientOptionalArgsConfiguration : Eureka HTTP Client uses RestTemplate.
2021-07-15 15:01:12.943  WARN [movie-service,,] 6956 --- [restartedMain] iguration$LoadBalancerCaffeineWarnLogger : Spring Cloud LoadBalancer is currently working with the default cache. You can switch to using Caffeine cache, by adding it and org.springframework.cache.caffeine.CaffeineCacheManager to the classpath.
2021-07-15 15:01:13.058  INFO [movie-service,,] 6956 --- [restartedMain] o.s.b.a.e.web.EndpointLinksResolver      : Exposing 2 endpoint(s) beneath base path '/actuator'
2021-07-15 15:01:13.245  INFO [movie-service,,] 6956 --- [restartedMain] o.s.b.w.embedded.tomcat.TomcatWebServer  : Tomcat started on port(s): 51133 (http) with context path ''
2021-07-15 15:01:13.247  INFO [movie-service,,] 6956 --- [restartedMain] .s.c.n.e.s.EurekaAutoServiceRegistration : Updating port to 51133
2021-07-15 15:01:13.253  INFO [movie-service,,] 6956 --- [restartedMain] o.s.c.n.eureka.InstanceInfoFactory       : Setting initial instance status as: STARTING
2021-07-15 15:01:13.313  INFO [movie-service,,] 6956 --- [restartedMain] com.netflix.discovery.DiscoveryClient    : Initializing Eureka in region us-east-1
2021-07-15 15:01:13.318  INFO [movie-service,,] 6956 --- [restartedMain] c.n.d.s.r.aws.ConfigClusterResolver      : Resolving eureka endpoints via configuration
2021-07-15 15:01:13.352  INFO [movie-service,,] 6956 --- [restartedMain] com.netflix.discovery.DiscoveryClient    : Disable delta property : false
2021-07-15 15:01:13.352  INFO [movie-service,,] 6956 --- [restartedMain] com.netflix.discovery.DiscoveryClient    : Single vip registry refresh property : null
2021-07-15 15:01:13.352  INFO [movie-service,,] 6956 --- [restartedMain] com.netflix.discovery.DiscoveryClient    : Force full registry fetch : false
2021-07-15 15:01:13.352  INFO [movie-service,,] 6956 --- [restartedMain] com.netflix.discovery.DiscoveryClient    : Application is null : false
2021-07-15 15:01:13.352  INFO [movie-service,,] 6956 --- [restartedMain] com.netflix.discovery.DiscoveryClient    : Registered Applications size is zero : true
2021-07-15 15:01:13.352  INFO [movie-service,,] 6956 --- [restartedMain] com.netflix.discovery.DiscoveryClient    : Application version is -1: true
2021-07-15 15:01:13.353  INFO [movie-service,,] 6956 --- [restartedMain] com.netflix.discovery.DiscoveryClient    : Getting all instance registry info from the eureka server
2021-07-15 15:01:13.548  INFO [movie-service,,] 6956 --- [restartedMain] com.netflix.discovery.DiscoveryClient    : The response status is 200
2021-07-15 15:01:13.555  INFO [movie-service,,] 6956 --- [restartedMain] com.netflix.discovery.DiscoveryClient    : Starting heartbeat executor: renew interval is: 30
2021-07-15 15:01:13.563  INFO [movie-service,,] 6956 --- [restartedMain] c.n.discovery.InstanceInfoReplicator     : InstanceInfoReplicator onDemand update allowed rate per min is 4
2021-07-15 15:01:13.577  INFO [movie-service,,] 6956 --- [restartedMain] com.netflix.discovery.DiscoveryClient    : Discovery Client initialized at timestamp 1626341473576 with initial instances count: 1
2021-07-15 15:01:13.592  INFO [movie-service,,] 6956 --- [restartedMain] o.s.c.n.e.s.EurekaServiceRegistry        : Registering application MOVIE-SERVICE with eureka with status UP
2021-07-15 15:01:13.593  INFO [movie-service,,] 6956 --- [restartedMain] com.netflix.discovery.DiscoveryClient    : Saw local status change event StatusChangeEvent [timestamp=1626341473593, current=UP, previous=STARTING]
2021-07-15 15:01:13.594  INFO [movie-service,,] 6956 --- [DiscoveryClient-InstanceInfoReplicator-0] com.netflix.discovery.DiscoveryClient    : DiscoveryClient_MOVIE-SERVICE/movie-service:c9e7cf46fcbb0b80f5307a449b1ebb4a: registering service...
2021-07-15 15:01:13.743  INFO [movie-service,,] 6956 --- [DiscoveryClient-InstanceInfoReplicator-0] com.netflix.discovery.DiscoveryClient    : DiscoveryClient_MOVIE-SERVICE/movie-service:c9e7cf46fcbb0b80f5307a449b1ebb4a - registration status: 204
2021-07-15 15:01:13.747  INFO [movie-service,,] 6956 --- [restartedMain] c.example.demo.MovieServiceApplication   : Started MovieServiceApplication in 12.448 seconds (JVM running for 18.902)
2021-07-15 15:01:17.915  WARN [movie-service,,] 6956 --- [registrationTask1] d.c.b.a.c.r.ApplicationRegistrator       : Failed to register application as Application(name=movie-service, managementUrl=http://host.docker.internal:51133/actuator, healthUrl=http://host.docker.internal:51133/actuator/health, serviceUrl=http://host.docker.internal:51133/) at spring-boot-admin ([http://admin:admin@localhost:8888//instances]): I/O error on POST request for "http://admin:admin@localhost:8888/instances": Connect to localhost:8888 [localhost/127.0.0.1, localhost/0:0:0:0:0:0:0:1] failed: Connection refused: no further information; nested exception is org.apache.http.conn.HttpHostConnectException: Connect to localhost:8888 [localhost/127.0.0.1, localhost/0:0:0:0:0:0:0:1] failed: Connection refused: no further information. Further attempts are logged on DEBUG level
2021-07-15 15:02:03.052  INFO [movie-service,,] 6956 --- [http-nio-auto-1-exec-1] o.a.c.c.C.[Tomcat].[localhost].[/]       : Initializing Spring DispatcherServlet 'dispatcherServlet'
2021-07-15 15:02:03.053  INFO [movie-service,,] 6956 --- [http-nio-auto-1-exec-1] o.s.web.servlet.DispatcherServlet        : Initializing Servlet 'dispatcherServlet'
2021-07-15 15:02:03.058  INFO [movie-service,,] 6956 --- [http-nio-auto-1-exec-1] o.s.web.servlet.DispatcherServlet        : Completed initialization in 4 ms
2021-07-15 15:06:13.358  INFO [movie-service,,] 6956 --- [AsyncResolver-bootstrap-executor-0] c.n.d.s.r.aws.ConfigClusterResolver      : Resolving eureka endpoints via configuration
2021-07-15 15:07:14.640  INFO [movie-service,,] 6956 --- [RMI TCP Connection(14)-127.0.0.1] inMXBeanRegistrar$SpringApplicationAdmin : Application shutdown requested.
2021-07-15 15:07:14.641  INFO [movie-service,,] 6956 --- [RMI TCP Connection(14)-127.0.0.1] o.s.c.n.e.s.EurekaServiceRegistry        : Unregistering application MOVIE-SERVICE with eureka with status DOWN
2021-07-15 15:07:14.641  INFO [movie-service,,] 6956 --- [RMI TCP Connection(14)-127.0.0.1] com.netflix.discovery.DiscoveryClient    : Saw local status change event StatusChangeEvent [timestamp=1626341834641, current=DOWN, previous=UP]
2021-07-15 15:07:14.642  INFO [movie-service,,] 6956 --- [DiscoveryClient-InstanceInfoReplicator-0] com.netflix.discovery.DiscoveryClient    : DiscoveryClient_MOVIE-SERVICE/movie-service:c9e7cf46fcbb0b80f5307a449b1ebb4a: registering service...
2021-07-15 15:07:14.648  INFO [movie-service,,] 6956 --- [DiscoveryClient-InstanceInfoReplicator-0] com.netflix.discovery.DiscoveryClient    : DiscoveryClient_MOVIE-SERVICE/movie-service:c9e7cf46fcbb0b80f5307a449b1ebb4a - registration status: 204
2021-07-15 15:07:14.663  INFO [movie-service,,] 6956 --- [RMI TCP Connection(14)-127.0.0.1] o.apache.catalina.core.StandardService   : Stopping service [Tomcat]
2021-07-15 15:07:14.665  INFO [movie-service,,] 6956 --- [RMI TCP Connection(14)-127.0.0.1] o.a.c.c.C.[Tomcat].[localhost].[/]       : Destroying Spring FrameworkServlet 'dispatcherServlet'
2021-07-15 15:07:14.669  WARN [movie-service,,] 6956 --- [RMI TCP Connection(14)-127.0.0.1] o.a.c.loader.WebappClassLoaderBase       : The web application [ROOT] appears to have started a thread named [HikariPool-1 housekeeper] but has failed to stop it. This is very likely to create a memory leak. Stack trace of thread:
 java.base@15.0.2/jdk.internal.misc.Unsafe.park(Native Method)
 java.base@15.0.2/java.util.concurrent.locks.LockSupport.parkNanos(LockSupport.java:252)
 java.base@15.0.2/java.util.concurrent.locks.AbstractQueuedSynchronizer$ConditionObject.awaitNanos(AbstractQueuedSynchronizer.java:1661)
 java.base@15.0.2/java.util.concurrent.ScheduledThreadPoolExecutor$DelayedWorkQueue.take(ScheduledThreadPoolExecutor.java:1182)
 java.base@15.0.2/java.util.concurrent.ScheduledThreadPoolExecutor$DelayedWorkQueue.take(ScheduledThreadPoolExecutor.java:899)
 java.base@15.0.2/java.util.concurrent.ThreadPoolExecutor.getTask(ThreadPoolExecutor.java:1056)
 java.base@15.0.2/java.util.concurrent.ThreadPoolExecutor.runWorker(ThreadPoolExecutor.java:1116)
 java.base@15.0.2/java.util.concurrent.ThreadPoolExecutor$Worker.run(ThreadPoolExecutor.java:630)
 java.base@15.0.2/java.lang.Thread.run(Thread.java:832)
2021-07-15 15:07:14.670  WARN [movie-service,,] 6956 --- [RMI TCP Connection(14)-127.0.0.1] o.a.c.loader.WebappClassLoaderBase       : The web application [ROOT] appears to have started a thread named [spring.cloud.inetutils] but has failed to stop it. This is very likely to create a memory leak. Stack trace of thread:
 java.base@15.0.2/jdk.internal.misc.Unsafe.park(Native Method)
 java.base@15.0.2/java.util.concurrent.locks.LockSupport.park(LockSupport.java:341)
 java.base@15.0.2/java.util.concurrent.locks.AbstractQueuedSynchronizer$ConditionNode.block(AbstractQueuedSynchronizer.java:505)
 java.base@15.0.2/java.util.concurrent.ForkJoinPool.managedBlock(ForkJoinPool.java:3137)
 java.base@15.0.2/java.util.concurrent.locks.AbstractQueuedSynchronizer$ConditionObject.await(AbstractQueuedSynchronizer.java:1614)
 java.base@15.0.2/java.util.concurrent.LinkedBlockingQueue.take(LinkedBlockingQueue.java:435)
 java.base@15.0.2/java.util.concurrent.ThreadPoolExecutor.getTask(ThreadPoolExecutor.java:1056)
 java.base@15.0.2/java.util.concurrent.ThreadPoolExecutor.runWorker(ThreadPoolExecutor.java:1116)
 java.base@15.0.2/java.util.concurrent.ThreadPoolExecutor$Worker.run(ThreadPoolExecutor.java:630)
 java.base@15.0.2/java.lang.Thread.run(Thread.java:832)
2021-07-15 15:07:14.671  WARN [movie-service,,] 6956 --- [RMI TCP Connection(14)-127.0.0.1] o.a.c.loader.WebappClassLoaderBase       : The web application [ROOT] appears to have started a thread named [AsyncReporter{RestTemplateSender{http://localhost:9411/api/v2/spans}}] but has failed to stop it. This is very likely to create a memory leak. Stack trace of thread:
 java.base@15.0.2/jdk.internal.misc.Unsafe.park(Native Method)
 java.base@15.0.2/java.util.concurrent.locks.LockSupport.parkNanos(LockSupport.java:252)
 java.base@15.0.2/java.util.concurrent.locks.AbstractQueuedSynchronizer$ConditionObject.awaitNanos(AbstractQueuedSynchronizer.java:1661)
 app//zipkin2.reporter.ByteBoundedQueue.drainTo(ByteBoundedQueue.java:81)
 app//zipkin2.reporter.AsyncReporter$BoundedAsyncReporter.flush(AsyncReporter.java:270)
 app//zipkin2.reporter.AsyncReporter$Flusher.run(AsyncReporter.java:378)
 java.base@15.0.2/java.lang.Thread.run(Thread.java:832)
2021-07-15 15:07:14.685  INFO [movie-service,,] 6956 --- [RMI TCP Connection(14)-127.0.0.1] j.LocalContainerEntityManagerFactoryBean : Closing JPA EntityManagerFactory for persistence unit 'default'
2021-07-15 15:07:14.685  INFO [movie-service,,] 6956 --- [RMI TCP Connection(14)-127.0.0.1] .SchemaDropperImpl$DelayedDropActionImpl : HHH000477: Starting delayed evictData of schema as part of SessionFactory shut-down'
2021-07-15 15:07:14.908  WARN [movie-service,,] 6956 --- [RMI TCP Connection(14)-127.0.0.1] o.s.b.f.support.DisposableBeanAdapter    : Invocation of destroy method failed on bean with name 'inMemoryDatabaseShutdownExecutor': org.h2.jdbc.JdbcSQLNonTransientConnectionException: Database is already closed (to disable automatic closing at VM shutdown, add ";DB_CLOSE_ON_EXIT=FALSE" to the db URL) [90121-200]
2021-07-15 15:07:15.724  INFO [movie-service,,] 6956 --- [RMI TCP Connection(14)-127.0.0.1] com.zaxxer.hikari.HikariDataSource       : HikariPool-1 - Shutdown initiated...
2021-07-15 15:07:15.726  INFO [movie-service,,] 6956 --- [RMI TCP Connection(14)-127.0.0.1] com.zaxxer.hikari.HikariDataSource       : HikariPool-1 - Shutdown completed.
2021-07-15 15:07:15.728  INFO [movie-service,,] 6956 --- [RMI TCP Connection(14)-127.0.0.1] com.netflix.discovery.DiscoveryClient    : Shutting down DiscoveryClient ...
2021-07-15 15:07:18.742  INFO [movie-service,,] 6956 --- [RMI TCP Connection(14)-127.0.0.1] com.netflix.discovery.DiscoveryClient    : Unregistering ...
2021-07-15 15:07:18.749  INFO [movie-service,,] 6956 --- [RMI TCP Connection(14)-127.0.0.1] com.netflix.discovery.DiscoveryClient    : DiscoveryClient_MOVIE-SERVICE/movie-service:c9e7cf46fcbb0b80f5307a449b1ebb4a - deregister  status: 200
2021-07-15 15:07:18.818  INFO [movie-service,,] 6956 --- [RMI TCP Connection(14)-127.0.0.1] com.netflix.discovery.DiscoveryClient    : Completed shut down of DiscoveryClient
2021-07-15 15:46:17.057  INFO [movie-service,,] 9244 --- [restartedMain] .e.DevToolsPropertyDefaultsPostProcessor : Devtools property defaults active! Set 'spring.devtools.add-properties' to 'false' to disable
2021-07-15 15:46:17.734  INFO [movie-service,,] 9244 --- [restartedMain] c.c.c.ConfigServicePropertySourceLocator : Fetching config from server at : http://localhost:9090
2021-07-15 15:46:18.689  INFO [movie-service,,] 9244 --- [restartedMain] c.c.c.ConfigServicePropertySourceLocator : Located environment: name=movie-service, profiles=[default], label=null, version=5f7dfff238b1672a7bdcddaaaaecf124a49813c6, state=null
2021-07-15 15:46:18.690  INFO [movie-service,,] 9244 --- [restartedMain] b.c.PropertySourceBootstrapConfiguration : Located property source: [BootstrapPropertySource {name='bootstrapProperties-configClient'}, BootstrapPropertySource {name='bootstrapProperties-https://github.com/dnilay/config-server-repo.git/file:C:\Users\001ZTA~1\AppData\Local\Temp\config-repo-11713700378201023907\application.yml'}]
2021-07-15 15:46:18.710  INFO [movie-service,,] 9244 --- [restartedMain] c.example.demo.MovieServiceApplication   : No active profile set, falling back to default profiles: default
2021-07-15 15:46:20.006  INFO [movie-service,,] 9244 --- [restartedMain] .s.d.r.c.RepositoryConfigurationDelegate : Bootstrapping Spring Data JPA repositories in DEFAULT mode.
2021-07-15 15:46:20.196  INFO [movie-service,,] 9244 --- [restartedMain] .s.d.r.c.RepositoryConfigurationDelegate : Finished Spring Data repository scanning in 180 ms. Found 1 JPA repository interfaces.
2021-07-15 15:46:20.784  INFO [movie-service,,] 9244 --- [restartedMain] o.s.cloud.context.scope.GenericScope     : BeanFactory id=1d171e5c-7e35-34a1-8589-779c5e899b0a
2021-07-15 15:46:21.990  INFO [movie-service,,] 9244 --- [restartedMain] o.s.b.w.embedded.tomcat.TomcatWebServer  : Tomcat initialized with port(s): 0 (http)
2021-07-15 15:46:22.007  INFO [movie-service,,] 9244 --- [restartedMain] o.apache.catalina.core.StandardService   : Starting service [Tomcat]
2021-07-15 15:46:22.009  INFO [movie-service,,] 9244 --- [restartedMain] org.apache.catalina.core.StandardEngine  : Starting Servlet engine: [Apache Tomcat/9.0.48]
2021-07-15 15:46:22.185  INFO [movie-service,,] 9244 --- [restartedMain] o.a.c.c.C.[Tomcat].[localhost].[/]       : Initializing Spring embedded WebApplicationContext
2021-07-15 15:46:22.185  INFO [movie-service,,] 9244 --- [restartedMain] w.s.c.ServletWebServerApplicationContext : Root WebApplicationContext: initialization completed in 3451 ms
2021-07-15 15:46:22.562  INFO [movie-service,,] 9244 --- [restartedMain] com.zaxxer.hikari.HikariDataSource       : HikariPool-1 - Starting...
2021-07-15 15:46:22.817  INFO [movie-service,,] 9244 --- [restartedMain] com.zaxxer.hikari.HikariDataSource       : HikariPool-1 - Start completed.
2021-07-15 15:46:22.825  INFO [movie-service,,] 9244 --- [restartedMain] o.s.b.a.h2.H2ConsoleAutoConfiguration    : H2 console available at '/h2-console'. Database available at 'jdbc:h2:mem:testDB'
2021-07-15 15:46:24.762  INFO [movie-service,,] 9244 --- [restartedMain] o.hibernate.jpa.internal.util.LogHelper  : HHH000204: Processing PersistenceUnitInfo [name: default]
2021-07-15 15:46:24.839  INFO [movie-service,,] 9244 --- [restartedMain] org.hibernate.Version                    : HHH000412: Hibernate ORM core version 5.4.32.Final
2021-07-15 15:46:24.988  INFO [movie-service,,] 9244 --- [restartedMain] o.hibernate.annotations.common.Version   : HCANN000001: Hibernate Commons Annotations {5.1.2.Final}
2021-07-15 15:46:25.121  INFO [movie-service,,] 9244 --- [restartedMain] org.hibernate.dialect.Dialect            : HHH000400: Using dialect: org.hibernate.dialect.H2Dialect
2021-07-15 15:46:25.712  INFO [movie-service,,] 9244 --- [restartedMain] o.h.e.t.j.p.i.JtaPlatformInitiator       : HHH000490: Using JtaPlatform implementation: [org.hibernate.engine.transaction.jta.platform.internal.NoJtaPlatform]
2021-07-15 15:46:25.720  INFO [movie-service,,] 9244 --- [restartedMain] j.LocalContainerEntityManagerFactoryBean : Initialized JPA EntityManagerFactory for persistence unit 'default'
2021-07-15 15:46:25.806  WARN [movie-service,,] 9244 --- [restartedMain] o.s.b.d.a.OptionalLiveReloadServer       : Unable to start LiveReload server
2021-07-15 15:46:26.402  WARN [movie-service,,] 9244 --- [restartedMain] JpaBaseConfiguration$JpaWebConfiguration : spring.jpa.open-in-view is enabled by default. Therefore, database queries may be performed during view rendering. Explicitly configure spring.jpa.open-in-view to disable this warning
2021-07-15 15:46:28.323  INFO [movie-service,,] 9244 --- [restartedMain] DiscoveryClientOptionalArgsConfiguration : Eureka HTTP Client uses RestTemplate.
2021-07-15 15:46:28.653  WARN [movie-service,,] 9244 --- [restartedMain] iguration$LoadBalancerCaffeineWarnLogger : Spring Cloud LoadBalancer is currently working with the default cache. You can switch to using Caffeine cache, by adding it and org.springframework.cache.caffeine.CaffeineCacheManager to the classpath.
2021-07-15 15:46:28.769  INFO [movie-service,,] 9244 --- [restartedMain] o.s.b.a.e.web.EndpointLinksResolver      : Exposing 2 endpoint(s) beneath base path '/actuator'
2021-07-15 15:46:28.899  INFO [movie-service,,] 9244 --- [restartedMain] o.s.b.w.embedded.tomcat.TomcatWebServer  : Tomcat started on port(s): 55431 (http) with context path ''
2021-07-15 15:46:28.900  INFO [movie-service,,] 9244 --- [restartedMain] .s.c.n.e.s.EurekaAutoServiceRegistration : Updating port to 55431
2021-07-15 15:46:28.907  INFO [movie-service,,] 9244 --- [restartedMain] o.s.c.n.eureka.InstanceInfoFactory       : Setting initial instance status as: STARTING
2021-07-15 15:46:28.960  INFO [movie-service,,] 9244 --- [restartedMain] com.netflix.discovery.DiscoveryClient    : Initializing Eureka in region us-east-1
2021-07-15 15:46:28.965  INFO [movie-service,,] 9244 --- [restartedMain] c.n.d.s.r.aws.ConfigClusterResolver      : Resolving eureka endpoints via configuration
2021-07-15 15:46:28.996  INFO [movie-service,,] 9244 --- [restartedMain] com.netflix.discovery.DiscoveryClient    : Disable delta property : false
2021-07-15 15:46:28.996  INFO [movie-service,,] 9244 --- [restartedMain] com.netflix.discovery.DiscoveryClient    : Single vip registry refresh property : null
2021-07-15 15:46:28.996  INFO [movie-service,,] 9244 --- [restartedMain] com.netflix.discovery.DiscoveryClient    : Force full registry fetch : false
2021-07-15 15:46:28.996  INFO [movie-service,,] 9244 --- [restartedMain] com.netflix.discovery.DiscoveryClient    : Application is null : false
2021-07-15 15:46:28.996  INFO [movie-service,,] 9244 --- [restartedMain] com.netflix.discovery.DiscoveryClient    : Registered Applications size is zero : true
2021-07-15 15:46:28.997  INFO [movie-service,,] 9244 --- [restartedMain] com.netflix.discovery.DiscoveryClient    : Application version is -1: true
2021-07-15 15:46:28.997  INFO [movie-service,,] 9244 --- [restartedMain] com.netflix.discovery.DiscoveryClient    : Getting all instance registry info from the eureka server
2021-07-15 15:46:29.194  INFO [movie-service,,] 9244 --- [restartedMain] com.netflix.discovery.DiscoveryClient    : The response status is 200
2021-07-15 15:46:29.201  INFO [movie-service,,] 9244 --- [restartedMain] com.netflix.discovery.DiscoveryClient    : Starting heartbeat executor: renew interval is: 30
2021-07-15 15:46:29.207  INFO [movie-service,,] 9244 --- [restartedMain] c.n.discovery.InstanceInfoReplicator     : InstanceInfoReplicator onDemand update allowed rate per min is 4
2021-07-15 15:46:29.222  INFO [movie-service,,] 9244 --- [restartedMain] com.netflix.discovery.DiscoveryClient    : Discovery Client initialized at timestamp 1626344189221 with initial instances count: 1
2021-07-15 15:46:29.236  INFO [movie-service,,] 9244 --- [restartedMain] o.s.c.n.e.s.EurekaServiceRegistry        : Registering application MOVIE-SERVICE with eureka with status UP
2021-07-15 15:46:29.237  INFO [movie-service,,] 9244 --- [restartedMain] com.netflix.discovery.DiscoveryClient    : Saw local status change event StatusChangeEvent [timestamp=1626344189237, current=UP, previous=STARTING]
2021-07-15 15:46:29.238  INFO [movie-service,,] 9244 --- [DiscoveryClient-InstanceInfoReplicator-0] com.netflix.discovery.DiscoveryClient    : DiscoveryClient_MOVIE-SERVICE/movie-service:e0863c8ccb80131f1d9bb0914b2610e2: registering service...
2021-07-15 15:46:29.393  INFO [movie-service,,] 9244 --- [DiscoveryClient-InstanceInfoReplicator-0] com.netflix.discovery.DiscoveryClient    : DiscoveryClient_MOVIE-SERVICE/movie-service:e0863c8ccb80131f1d9bb0914b2610e2 - registration status: 204
2021-07-15 15:46:29.399  INFO [movie-service,,] 9244 --- [restartedMain] c.example.demo.MovieServiceApplication   : Started MovieServiceApplication in 13.184 seconds (JVM running for 22.805)
2021-07-15 15:46:33.528  WARN [movie-service,,] 9244 --- [registrationTask1] d.c.b.a.c.r.ApplicationRegistrator       : Failed to register application as Application(name=movie-service, managementUrl=http://host.docker.internal:55431/actuator, healthUrl=http://host.docker.internal:55431/actuator/health, serviceUrl=http://host.docker.internal:55431/) at spring-boot-admin ([http://admin:admin@localhost:8888//instances]): I/O error on POST request for "http://admin:admin@localhost:8888/instances": Connect to localhost:8888 [localhost/127.0.0.1, localhost/0:0:0:0:0:0:0:1] failed: Connection refused: no further information; nested exception is org.apache.http.conn.HttpHostConnectException: Connect to localhost:8888 [localhost/127.0.0.1, localhost/0:0:0:0:0:0:0:1] failed: Connection refused: no further information. Further attempts are logged on DEBUG level
2021-07-15 15:51:29.002  INFO [movie-service,,] 9244 --- [AsyncResolver-bootstrap-executor-0] c.n.d.s.r.aws.ConfigClusterResolver      : Resolving eureka endpoints via configuration
2021-07-15 15:54:57.026  INFO [movie-service,,] 9244 --- [http-nio-auto-1-exec-1] o.a.c.c.C.[Tomcat].[localhost].[/]       : Initializing Spring DispatcherServlet 'dispatcherServlet'
2021-07-15 15:54:57.027  INFO [movie-service,,] 9244 --- [http-nio-auto-1-exec-1] o.s.web.servlet.DispatcherServlet        : Initializing Servlet 'dispatcherServlet'
2021-07-15 15:54:57.035  INFO [movie-service,,] 9244 --- [http-nio-auto-1-exec-1] o.s.web.servlet.DispatcherServlet        : Completed initialization in 8 ms
2021-07-15 15:56:29.006  INFO [movie-service,,] 9244 --- [AsyncResolver-bootstrap-executor-0] c.n.d.s.r.aws.ConfigClusterResolver      : Resolving eureka endpoints via configuration
2021-07-15 16:01:29.014  INFO [movie-service,,] 9244 --- [AsyncResolver-bootstrap-executor-0] c.n.d.s.r.aws.ConfigClusterResolver      : Resolving eureka endpoints via configuration
2021-07-15 16:06:29.026  INFO [movie-service,,] 9244 --- [AsyncResolver-bootstrap-executor-0] c.n.d.s.r.aws.ConfigClusterResolver      : Resolving eureka endpoints via configuration
2021-07-15 16:09:07.708  INFO [movie-service,,] 9244 --- [RMI TCP Connection(32)-127.0.0.1] inMXBeanRegistrar$SpringApplicationAdmin : Application shutdown requested.
2021-07-15 16:09:07.709  INFO [movie-service,,] 9244 --- [RMI TCP Connection(32)-127.0.0.1] o.s.c.n.e.s.EurekaServiceRegistry        : Unregistering application MOVIE-SERVICE with eureka with status DOWN
2021-07-15 16:09:07.710  INFO [movie-service,,] 9244 --- [RMI TCP Connection(32)-127.0.0.1] com.netflix.discovery.DiscoveryClient    : Saw local status change event StatusChangeEvent [timestamp=1626345547710, current=DOWN, previous=UP]
2021-07-15 16:09:07.710  INFO [movie-service,,] 9244 --- [DiscoveryClient-InstanceInfoReplicator-0] com.netflix.discovery.DiscoveryClient    : DiscoveryClient_MOVIE-SERVICE/movie-service:e0863c8ccb80131f1d9bb0914b2610e2: registering service...
2021-07-15 16:09:07.719  INFO [movie-service,,] 9244 --- [DiscoveryClient-InstanceInfoReplicator-0] com.netflix.discovery.DiscoveryClient    : DiscoveryClient_MOVIE-SERVICE/movie-service:e0863c8ccb80131f1d9bb0914b2610e2 - registration status: 204
2021-07-15 16:09:07.733  INFO [movie-service,,] 9244 --- [RMI TCP Connection(32)-127.0.0.1] o.apache.catalina.core.StandardService   : Stopping service [Tomcat]
2021-07-15 16:09:07.735  INFO [movie-service,,] 9244 --- [RMI TCP Connection(32)-127.0.0.1] o.a.c.c.C.[Tomcat].[localhost].[/]       : Destroying Spring FrameworkServlet 'dispatcherServlet'
2021-07-15 16:09:07.738  WARN [movie-service,,] 9244 --- [RMI TCP Connection(32)-127.0.0.1] o.a.c.loader.WebappClassLoaderBase       : The web application [ROOT] appears to have started a thread named [HikariPool-1 housekeeper] but has failed to stop it. This is very likely to create a memory leak. Stack trace of thread:
 java.base@15.0.2/jdk.internal.misc.Unsafe.park(Native Method)
 java.base@15.0.2/java.util.concurrent.locks.LockSupport.parkNanos(LockSupport.java:252)
 java.base@15.0.2/java.util.concurrent.locks.AbstractQueuedSynchronizer$ConditionObject.awaitNanos(AbstractQueuedSynchronizer.java:1661)
 java.base@15.0.2/java.util.concurrent.ScheduledThreadPoolExecutor$DelayedWorkQueue.take(ScheduledThreadPoolExecutor.java:1182)
 java.base@15.0.2/java.util.concurrent.ScheduledThreadPoolExecutor$DelayedWorkQueue.take(ScheduledThreadPoolExecutor.java:899)
 java.base@15.0.2/java.util.concurrent.ThreadPoolExecutor.getTask(ThreadPoolExecutor.java:1056)
 java.base@15.0.2/java.util.concurrent.ThreadPoolExecutor.runWorker(ThreadPoolExecutor.java:1116)
 java.base@15.0.2/java.util.concurrent.ThreadPoolExecutor$Worker.run(ThreadPoolExecutor.java:630)
 java.base@15.0.2/java.lang.Thread.run(Thread.java:832)
2021-07-15 16:09:07.739  WARN [movie-service,,] 9244 --- [RMI TCP Connection(32)-127.0.0.1] o.a.c.loader.WebappClassLoaderBase       : The web application [ROOT] appears to have started a thread named [spring.cloud.inetutils] but has failed to stop it. This is very likely to create a memory leak. Stack trace of thread:
 java.base@15.0.2/jdk.internal.misc.Unsafe.park(Native Method)
 java.base@15.0.2/java.util.concurrent.locks.LockSupport.park(LockSupport.java:341)
 java.base@15.0.2/java.util.concurrent.locks.AbstractQueuedSynchronizer$ConditionNode.block(AbstractQueuedSynchronizer.java:505)
 java.base@15.0.2/java.util.concurrent.ForkJoinPool.managedBlock(ForkJoinPool.java:3137)
 java.base@15.0.2/java.util.concurrent.locks.AbstractQueuedSynchronizer$ConditionObject.await(AbstractQueuedSynchronizer.java:1614)
 java.base@15.0.2/java.util.concurrent.LinkedBlockingQueue.take(LinkedBlockingQueue.java:435)
 java.base@15.0.2/java.util.concurrent.ThreadPoolExecutor.getTask(ThreadPoolExecutor.java:1056)
 java.base@15.0.2/java.util.concurrent.ThreadPoolExecutor.runWorker(ThreadPoolExecutor.java:1116)
 java.base@15.0.2/java.util.concurrent.ThreadPoolExecutor$Worker.run(ThreadPoolExecutor.java:630)
 java.base@15.0.2/java.lang.Thread.run(Thread.java:832)
2021-07-15 16:09:07.740  WARN [movie-service,,] 9244 --- [RMI TCP Connection(32)-127.0.0.1] o.a.c.loader.WebappClassLoaderBase       : The web application [ROOT] appears to have started a thread named [AsyncReporter{RestTemplateSender{http://localhost:9411/api/v2/spans}}] but has failed to stop it. This is very likely to create a memory leak. Stack trace of thread:
 java.base@15.0.2/jdk.internal.misc.Unsafe.park(Native Method)
 java.base@15.0.2/java.util.concurrent.locks.LockSupport.parkNanos(LockSupport.java:252)
 java.base@15.0.2/java.util.concurrent.locks.AbstractQueuedSynchronizer$ConditionObject.awaitNanos(AbstractQueuedSynchronizer.java:1661)
 app//zipkin2.reporter.ByteBoundedQueue.drainTo(ByteBoundedQueue.java:81)
 app//zipkin2.reporter.AsyncReporter$BoundedAsyncReporter.flush(AsyncReporter.java:270)
 app//zipkin2.reporter.AsyncReporter$Flusher.run(AsyncReporter.java:378)
 java.base@15.0.2/java.lang.Thread.run(Thread.java:832)
2021-07-15 16:09:07.750  INFO [movie-service,,] 9244 --- [RMI TCP Connection(32)-127.0.0.1] j.LocalContainerEntityManagerFactoryBean : Closing JPA EntityManagerFactory for persistence unit 'default'
2021-07-15 16:09:07.751  INFO [movie-service,,] 9244 --- [RMI TCP Connection(32)-127.0.0.1] .SchemaDropperImpl$DelayedDropActionImpl : HHH000477: Starting delayed evictData of schema as part of SessionFactory shut-down'
2021-07-15 16:09:07.962  WARN [movie-service,,] 9244 --- [RMI TCP Connection(32)-127.0.0.1] o.s.b.f.support.DisposableBeanAdapter    : Invocation of destroy method failed on bean with name 'inMemoryDatabaseShutdownExecutor': org.h2.jdbc.JdbcSQLNonTransientConnectionException: Database is already closed (to disable automatic closing at VM shutdown, add ";DB_CLOSE_ON_EXIT=FALSE" to the db URL) [90121-200]
2021-07-15 16:09:08.593  INFO [movie-service,,] 9244 --- [RMI TCP Connection(32)-127.0.0.1] com.zaxxer.hikari.HikariDataSource       : HikariPool-1 - Shutdown initiated...
2021-07-15 16:09:08.595  INFO [movie-service,,] 9244 --- [RMI TCP Connection(32)-127.0.0.1] com.zaxxer.hikari.HikariDataSource       : HikariPool-1 - Shutdown completed.
2021-07-15 16:09:08.597  INFO [movie-service,,] 9244 --- [RMI TCP Connection(32)-127.0.0.1] com.netflix.discovery.DiscoveryClient    : Shutting down DiscoveryClient ...
2021-07-15 16:09:11.620  INFO [movie-service,,] 9244 --- [RMI TCP Connection(32)-127.0.0.1] com.netflix.discovery.DiscoveryClient    : Unregistering ...
2021-07-15 16:09:11.627  INFO [movie-service,,] 9244 --- [RMI TCP Connection(32)-127.0.0.1] com.netflix.discovery.DiscoveryClient    : DiscoveryClient_MOVIE-SERVICE/movie-service:e0863c8ccb80131f1d9bb0914b2610e2 - deregister  status: 200
2021-07-15 16:09:11.689  INFO [movie-service,,] 9244 --- [RMI TCP Connection(32)-127.0.0.1] com.netflix.discovery.DiscoveryClient    : Completed shut down of DiscoveryClient
2021-07-15 16:11:39.500  INFO [movie-service,,] 3460 --- [restartedMain] .e.DevToolsPropertyDefaultsPostProcessor : Devtools property defaults active! Set 'spring.devtools.add-properties' to 'false' to disable
2021-07-15 16:11:40.892  INFO [movie-service,,] 3460 --- [restartedMain] c.c.c.ConfigServicePropertySourceLocator : Fetching config from server at : http://localhost:9090
2021-07-15 16:11:43.844  INFO [movie-service,,] 3460 --- [restartedMain] c.c.c.ConfigServicePropertySourceLocator : Located environment: name=movie-service, profiles=[default], label=null, version=5f7dfff238b1672a7bdcddaaaaecf124a49813c6, state=null
2021-07-15 16:11:43.847  INFO [movie-service,,] 3460 --- [restartedMain] b.c.PropertySourceBootstrapConfiguration : Located property source: [BootstrapPropertySource {name='bootstrapProperties-configClient'}, BootstrapPropertySource {name='bootstrapProperties-https://github.com/dnilay/config-server-repo.git/file:C:\Users\001ZTA~1\AppData\Local\Temp\config-repo-13721270521223403373\application.yml'}]
2021-07-15 16:11:43.877  INFO [movie-service,,] 3460 --- [restartedMain] c.example.demo.MovieServiceApplication   : No active profile set, falling back to default profiles: default
2021-07-15 16:11:45.412  INFO [movie-service,,] 3460 --- [restartedMain] .s.d.r.c.RepositoryConfigurationDelegate : Bootstrapping Spring Data JPA repositories in DEFAULT mode.
2021-07-15 16:11:45.647  INFO [movie-service,,] 3460 --- [restartedMain] .s.d.r.c.RepositoryConfigurationDelegate : Finished Spring Data repository scanning in 223 ms. Found 1 JPA repository interfaces.
2021-07-15 16:11:46.371  INFO [movie-service,,] 3460 --- [restartedMain] o.s.cloud.context.scope.GenericScope     : BeanFactory id=1d171e5c-7e35-34a1-8589-779c5e899b0a
2021-07-15 16:11:47.927  INFO [movie-service,,] 3460 --- [restartedMain] o.s.b.w.embedded.tomcat.TomcatWebServer  : Tomcat initialized with port(s): 0 (http)
2021-07-15 16:11:47.944  INFO [movie-service,,] 3460 --- [restartedMain] o.apache.catalina.core.StandardService   : Starting service [Tomcat]
2021-07-15 16:11:47.945  INFO [movie-service,,] 3460 --- [restartedMain] org.apache.catalina.core.StandardEngine  : Starting Servlet engine: [Apache Tomcat/9.0.48]
2021-07-15 16:11:48.175  INFO [movie-service,,] 3460 --- [restartedMain] o.a.c.c.C.[Tomcat].[localhost].[/]       : Initializing Spring embedded WebApplicationContext
2021-07-15 16:11:48.176  INFO [movie-service,,] 3460 --- [restartedMain] w.s.c.ServletWebServerApplicationContext : Root WebApplicationContext: initialization completed in 4263 ms
2021-07-15 16:11:48.665  INFO [movie-service,,] 3460 --- [restartedMain] com.zaxxer.hikari.HikariDataSource       : HikariPool-1 - Starting...
2021-07-15 16:11:48.966  INFO [movie-service,,] 3460 --- [restartedMain] com.zaxxer.hikari.HikariDataSource       : HikariPool-1 - Start completed.
2021-07-15 16:11:48.983  INFO [movie-service,,] 3460 --- [restartedMain] o.s.b.a.h2.H2ConsoleAutoConfiguration    : H2 console available at '/h2-console'. Database available at 'jdbc:h2:mem:testDB'
2021-07-15 16:11:51.323  INFO [movie-service,,] 3460 --- [restartedMain] o.hibernate.jpa.internal.util.LogHelper  : HHH000204: Processing PersistenceUnitInfo [name: default]
2021-07-15 16:11:51.401  INFO [movie-service,,] 3460 --- [restartedMain] org.hibernate.Version                    : HHH000412: Hibernate ORM core version 5.4.32.Final
2021-07-15 16:11:51.590  INFO [movie-service,,] 3460 --- [restartedMain] o.hibernate.annotations.common.Version   : HCANN000001: Hibernate Commons Annotations {5.1.2.Final}
2021-07-15 16:11:51.785  INFO [movie-service,,] 3460 --- [restartedMain] org.hibernate.dialect.Dialect            : HHH000400: Using dialect: org.hibernate.dialect.H2Dialect
2021-07-15 16:11:52.791  INFO [movie-service,,] 3460 --- [restartedMain] o.h.e.t.j.p.i.JtaPlatformInitiator       : HHH000490: Using JtaPlatform implementation: [org.hibernate.engine.transaction.jta.platform.internal.NoJtaPlatform]
2021-07-15 16:11:52.803  INFO [movie-service,,] 3460 --- [restartedMain] j.LocalContainerEntityManagerFactoryBean : Initialized JPA EntityManagerFactory for persistence unit 'default'
2021-07-15 16:11:53.010  WARN [movie-service,,] 3460 --- [restartedMain] o.s.b.d.a.OptionalLiveReloadServer       : Unable to start LiveReload server
2021-07-15 16:11:53.862  WARN [movie-service,,] 3460 --- [restartedMain] JpaBaseConfiguration$JpaWebConfiguration : spring.jpa.open-in-view is enabled by default. Therefore, database queries may be performed during view rendering. Explicitly configure spring.jpa.open-in-view to disable this warning
2021-07-15 16:11:56.728  INFO [movie-service,,] 3460 --- [restartedMain] DiscoveryClientOptionalArgsConfiguration : Eureka HTTP Client uses RestTemplate.
2021-07-15 16:11:57.102  WARN [movie-service,,] 3460 --- [restartedMain] iguration$LoadBalancerCaffeineWarnLogger : Spring Cloud LoadBalancer is currently working with the default cache. You can switch to using Caffeine cache, by adding it and org.springframework.cache.caffeine.CaffeineCacheManager to the classpath.
2021-07-15 16:11:57.247  INFO [movie-service,,] 3460 --- [restartedMain] o.s.b.a.e.web.EndpointLinksResolver      : Exposing 2 endpoint(s) beneath base path '/actuator'
2021-07-15 16:11:57.425  INFO [movie-service,,] 3460 --- [restartedMain] o.s.b.w.embedded.tomcat.TomcatWebServer  : Tomcat started on port(s): 61349 (http) with context path ''
2021-07-15 16:11:57.426  INFO [movie-service,,] 3460 --- [restartedMain] .s.c.n.e.s.EurekaAutoServiceRegistration : Updating port to 61349
2021-07-15 16:11:57.434  INFO [movie-service,,] 3460 --- [restartedMain] o.s.c.n.eureka.InstanceInfoFactory       : Setting initial instance status as: STARTING
2021-07-15 16:11:57.535  INFO [movie-service,,] 3460 --- [restartedMain] com.netflix.discovery.DiscoveryClient    : Initializing Eureka in region us-east-1
2021-07-15 16:11:57.542  INFO [movie-service,,] 3460 --- [restartedMain] c.n.d.s.r.aws.ConfigClusterResolver      : Resolving eureka endpoints via configuration
2021-07-15 16:11:57.594  INFO [movie-service,,] 3460 --- [restartedMain] com.netflix.discovery.DiscoveryClient    : Disable delta property : false
2021-07-15 16:11:57.595  INFO [movie-service,,] 3460 --- [restartedMain] com.netflix.discovery.DiscoveryClient    : Single vip registry refresh property : null
2021-07-15 16:11:57.595  INFO [movie-service,,] 3460 --- [restartedMain] com.netflix.discovery.DiscoveryClient    : Force full registry fetch : false
2021-07-15 16:11:57.595  INFO [movie-service,,] 3460 --- [restartedMain] com.netflix.discovery.DiscoveryClient    : Application is null : false
2021-07-15 16:11:57.596  INFO [movie-service,,] 3460 --- [restartedMain] com.netflix.discovery.DiscoveryClient    : Registered Applications size is zero : true
2021-07-15 16:11:57.596  INFO [movie-service,,] 3460 --- [restartedMain] com.netflix.discovery.DiscoveryClient    : Application version is -1: true
2021-07-15 16:11:57.596  INFO [movie-service,,] 3460 --- [restartedMain] com.netflix.discovery.DiscoveryClient    : Getting all instance registry info from the eureka server
2021-07-15 16:11:57.914  INFO [movie-service,,] 3460 --- [restartedMain] com.netflix.discovery.DiscoveryClient    : The response status is 200
2021-07-15 16:11:57.922  INFO [movie-service,,] 3460 --- [restartedMain] com.netflix.discovery.DiscoveryClient    : Starting heartbeat executor: renew interval is: 30
2021-07-15 16:11:57.931  INFO [movie-service,,] 3460 --- [restartedMain] c.n.discovery.InstanceInfoReplicator     : InstanceInfoReplicator onDemand update allowed rate per min is 4
2021-07-15 16:11:57.953  INFO [movie-service,,] 3460 --- [restartedMain] com.netflix.discovery.DiscoveryClient    : Discovery Client initialized at timestamp 1626345717951 with initial instances count: 0
2021-07-15 16:11:57.978  INFO [movie-service,,] 3460 --- [restartedMain] o.s.c.n.e.s.EurekaServiceRegistry        : Registering application MOVIE-SERVICE with eureka with status UP
2021-07-15 16:11:57.980  INFO [movie-service,,] 3460 --- [restartedMain] com.netflix.discovery.DiscoveryClient    : Saw local status change event StatusChangeEvent [timestamp=1626345717980, current=UP, previous=STARTING]
2021-07-15 16:11:57.982  INFO [movie-service,,] 3460 --- [DiscoveryClient-InstanceInfoReplicator-0] com.netflix.discovery.DiscoveryClient    : DiscoveryClient_MOVIE-SERVICE/movie-service:2f55ff458e0141f0aaddb76e63cc21bc: registering service...
2021-07-15 16:11:58.178  INFO [movie-service,,] 3460 --- [DiscoveryClient-InstanceInfoReplicator-0] com.netflix.discovery.DiscoveryClient    : DiscoveryClient_MOVIE-SERVICE/movie-service:2f55ff458e0141f0aaddb76e63cc21bc - registration status: 204
2021-07-15 16:11:58.189  INFO [movie-service,,] 3460 --- [restartedMain] c.example.demo.MovieServiceApplication   : Started MovieServiceApplication in 20.074 seconds (JVM running for 28.43)
2021-07-15 16:12:02.361  WARN [movie-service,,] 3460 --- [registrationTask1] d.c.b.a.c.r.ApplicationRegistrator       : Failed to register application as Application(name=movie-service, managementUrl=http://host.docker.internal:61349/actuator, healthUrl=http://host.docker.internal:61349/actuator/health, serviceUrl=http://host.docker.internal:61349/) at spring-boot-admin ([http://admin:admin@localhost:8888//instances]): I/O error on POST request for "http://admin:admin@localhost:8888/instances": Connect to localhost:8888 [localhost/127.0.0.1, localhost/0:0:0:0:0:0:0:1] failed: Connection refused: no further information; nested exception is org.apache.http.conn.HttpHostConnectException: Connect to localhost:8888 [localhost/127.0.0.1, localhost/0:0:0:0:0:0:0:1] failed: Connection refused: no further information. Further attempts are logged on DEBUG level
2021-07-15 16:12:27.922  INFO [movie-service,,] 3460 --- [DiscoveryClient-CacheRefreshExecutor-0] com.netflix.discovery.DiscoveryClient    : Disable delta property : false
2021-07-15 16:12:27.923  INFO [movie-service,,] 3460 --- [DiscoveryClient-CacheRefreshExecutor-0] com.netflix.discovery.DiscoveryClient    : Single vip registry refresh property : null
2021-07-15 16:12:27.924  INFO [movie-service,,] 3460 --- [DiscoveryClient-CacheRefreshExecutor-0] com.netflix.discovery.DiscoveryClient    : Force full registry fetch : false
2021-07-15 16:12:27.924  INFO [movie-service,,] 3460 --- [DiscoveryClient-CacheRefreshExecutor-0] com.netflix.discovery.DiscoveryClient    : Application is null : false
2021-07-15 16:12:27.925  INFO [movie-service,,] 3460 --- [DiscoveryClient-CacheRefreshExecutor-0] com.netflix.discovery.DiscoveryClient    : Registered Applications size is zero : true
2021-07-15 16:12:27.925  INFO [movie-service,,] 3460 --- [DiscoveryClient-CacheRefreshExecutor-0] com.netflix.discovery.DiscoveryClient    : Application version is -1: false
2021-07-15 16:12:27.925  INFO [movie-service,,] 3460 --- [DiscoveryClient-CacheRefreshExecutor-0] com.netflix.discovery.DiscoveryClient    : Getting all instance registry info from the eureka server
2021-07-15 16:12:27.943  INFO [movie-service,,] 3460 --- [DiscoveryClient-CacheRefreshExecutor-0] com.netflix.discovery.DiscoveryClient    : The response status is 200
2021-07-15 16:13:07.685  INFO [movie-service,,] 3460 --- [http-nio-auto-1-exec-1] o.a.c.c.C.[Tomcat].[localhost].[/]       : Initializing Spring DispatcherServlet 'dispatcherServlet'
2021-07-15 16:13:07.686  INFO [movie-service,,] 3460 --- [http-nio-auto-1-exec-1] o.s.web.servlet.DispatcherServlet        : Initializing Servlet 'dispatcherServlet'
2021-07-15 16:13:07.691  INFO [movie-service,,] 3460 --- [http-nio-auto-1-exec-1] o.s.web.servlet.DispatcherServlet        : Completed initialization in 5 ms
2021-07-15 16:16:57.615  INFO [movie-service,,] 3460 --- [AsyncResolver-bootstrap-executor-0] c.n.d.s.r.aws.ConfigClusterResolver      : Resolving eureka endpoints via configuration
2021-07-15 16:21:57.624  INFO [movie-service,,] 3460 --- [AsyncResolver-bootstrap-executor-0] c.n.d.s.r.aws.ConfigClusterResolver      : Resolving eureka endpoints via configuration
2021-07-15 16:26:57.639  INFO [movie-service,,] 3460 --- [AsyncResolver-bootstrap-executor-0] c.n.d.s.r.aws.ConfigClusterResolver      : Resolving eureka endpoints via configuration
2021-07-15 16:31:57.653  INFO [movie-service,,] 3460 --- [AsyncResolver-bootstrap-executor-0] c.n.d.s.r.aws.ConfigClusterResolver      : Resolving eureka endpoints via configuration
2021-07-15 16:36:57.656  INFO [movie-service,,] 3460 --- [AsyncResolver-bootstrap-executor-0] c.n.d.s.r.aws.ConfigClusterResolver      : Resolving eureka endpoints via configuration
2021-07-15 16:41:57.669  INFO [movie-service,,] 3460 --- [AsyncResolver-bootstrap-executor-0] c.n.d.s.r.aws.ConfigClusterResolver      : Resolving eureka endpoints via configuration
2021-07-15 16:46:57.676  INFO [movie-service,,] 3460 --- [AsyncResolver-bootstrap-executor-0] c.n.d.s.r.aws.ConfigClusterResolver      : Resolving eureka endpoints via configuration
2021-07-15 16:51:57.683  INFO [movie-service,,] 3460 --- [AsyncResolver-bootstrap-executor-0] c.n.d.s.r.aws.ConfigClusterResolver      : Resolving eureka endpoints via configuration
2021-07-15 16:56:57.689  INFO [movie-service,,] 3460 --- [AsyncResolver-bootstrap-executor-0] c.n.d.s.r.aws.ConfigClusterResolver      : Resolving eureka endpoints via configuration
2021-07-15 17:01:57.699  INFO [movie-service,,] 3460 --- [AsyncResolver-bootstrap-executor-0] c.n.d.s.r.aws.ConfigClusterResolver      : Resolving eureka endpoints via configuration
2021-07-15 17:06:04.830  INFO [movie-service,,] 3460 --- [RMI TCP Connection(74)-127.0.0.1] inMXBeanRegistrar$SpringApplicationAdmin : Application shutdown requested.
2021-07-15 17:06:04.837  INFO [movie-service,,] 3460 --- [RMI TCP Connection(74)-127.0.0.1] o.s.c.n.e.s.EurekaServiceRegistry        : Unregistering application MOVIE-SERVICE with eureka with status DOWN
2021-07-15 17:06:04.840  INFO [movie-service,,] 3460 --- [RMI TCP Connection(74)-127.0.0.1] com.netflix.discovery.DiscoveryClient    : Saw local status change event StatusChangeEvent [timestamp=1626348964840, current=DOWN, previous=UP]
2021-07-15 17:06:04.841  INFO [movie-service,,] 3460 --- [DiscoveryClient-InstanceInfoReplicator-0] com.netflix.discovery.DiscoveryClient    : DiscoveryClient_MOVIE-SERVICE/movie-service:2f55ff458e0141f0aaddb76e63cc21bc: registering service...
2021-07-15 17:06:04.874  INFO [movie-service,,] 3460 --- [DiscoveryClient-InstanceInfoReplicator-0] com.netflix.discovery.DiscoveryClient    : DiscoveryClient_MOVIE-SERVICE/movie-service:2f55ff458e0141f0aaddb76e63cc21bc - registration status: 204
2021-07-15 17:06:04.915  INFO [movie-service,,] 3460 --- [RMI TCP Connection(74)-127.0.0.1] o.apache.catalina.core.StandardService   : Stopping service [Tomcat]
2021-07-15 17:06:04.925  INFO [movie-service,,] 3460 --- [RMI TCP Connection(74)-127.0.0.1] o.a.c.c.C.[Tomcat].[localhost].[/]       : Destroying Spring FrameworkServlet 'dispatcherServlet'
2021-07-15 17:06:04.939  WARN [movie-service,,] 3460 --- [RMI TCP Connection(74)-127.0.0.1] o.a.c.loader.WebappClassLoaderBase       : The web application [ROOT] appears to have started a thread named [HikariPool-1 housekeeper] but has failed to stop it. This is very likely to create a memory leak. Stack trace of thread:
 java.base@15.0.2/jdk.internal.misc.Unsafe.park(Native Method)
 java.base@15.0.2/java.util.concurrent.locks.LockSupport.parkNanos(LockSupport.java:252)
 java.base@15.0.2/java.util.concurrent.locks.AbstractQueuedSynchronizer$ConditionObject.awaitNanos(AbstractQueuedSynchronizer.java:1661)
 java.base@15.0.2/java.util.concurrent.ScheduledThreadPoolExecutor$DelayedWorkQueue.take(ScheduledThreadPoolExecutor.java:1182)
 java.base@15.0.2/java.util.concurrent.ScheduledThreadPoolExecutor$DelayedWorkQueue.take(ScheduledThreadPoolExecutor.java:899)
 java.base@15.0.2/java.util.concurrent.ThreadPoolExecutor.getTask(ThreadPoolExecutor.java:1056)
 java.base@15.0.2/java.util.concurrent.ThreadPoolExecutor.runWorker(ThreadPoolExecutor.java:1116)
 java.base@15.0.2/java.util.concurrent.ThreadPoolExecutor$Worker.run(ThreadPoolExecutor.java:630)
 java.base@15.0.2/java.lang.Thread.run(Thread.java:832)
2021-07-15 17:06:04.942  WARN [movie-service,,] 3460 --- [RMI TCP Connection(74)-127.0.0.1] o.a.c.loader.WebappClassLoaderBase       : The web application [ROOT] appears to have started a thread named [spring.cloud.inetutils] but has failed to stop it. This is very likely to create a memory leak. Stack trace of thread:
 java.base@15.0.2/jdk.internal.misc.Unsafe.park(Native Method)
 java.base@15.0.2/java.util.concurrent.locks.LockSupport.park(LockSupport.java:341)
 java.base@15.0.2/java.util.concurrent.locks.AbstractQueuedSynchronizer$ConditionNode.block(AbstractQueuedSynchronizer.java:505)
 java.base@15.0.2/java.util.concurrent.ForkJoinPool.managedBlock(ForkJoinPool.java:3137)
 java.base@15.0.2/java.util.concurrent.locks.AbstractQueuedSynchronizer$ConditionObject.await(AbstractQueuedSynchronizer.java:1614)
 java.base@15.0.2/java.util.concurrent.LinkedBlockingQueue.take(LinkedBlockingQueue.java:435)
 java.base@15.0.2/java.util.concurrent.ThreadPoolExecutor.getTask(ThreadPoolExecutor.java:1056)
 java.base@15.0.2/java.util.concurrent.ThreadPoolExecutor.runWorker(ThreadPoolExecutor.java:1116)
 java.base@15.0.2/java.util.concurrent.ThreadPoolExecutor$Worker.run(ThreadPoolExecutor.java:630)
 java.base@15.0.2/java.lang.Thread.run(Thread.java:832)
2021-07-15 17:06:04.945  WARN [movie-service,,] 3460 --- [RMI TCP Connection(74)-127.0.0.1] o.a.c.loader.WebappClassLoaderBase       : The web application [ROOT] appears to have started a thread named [AsyncReporter{RestTemplateSender{http://localhost:9411/api/v2/spans}}] but has failed to stop it. This is very likely to create a memory leak. Stack trace of thread:
 java.base@15.0.2/jdk.internal.misc.Unsafe.park(Native Method)
 java.base@15.0.2/java.util.concurrent.locks.LockSupport.parkNanos(LockSupport.java:252)
 java.base@15.0.2/java.util.concurrent.locks.AbstractQueuedSynchronizer$ConditionObject.awaitNanos(AbstractQueuedSynchronizer.java:1661)
 app//zipkin2.reporter.ByteBoundedQueue.drainTo(ByteBoundedQueue.java:81)
 app//zipkin2.reporter.AsyncReporter$BoundedAsyncReporter.flush(AsyncReporter.java:270)
 app//zipkin2.reporter.AsyncReporter$Flusher.run(AsyncReporter.java:378)
 java.base@15.0.2/java.lang.Thread.run(Thread.java:832)
2021-07-15 17:06:04.995  INFO [movie-service,,] 3460 --- [RMI TCP Connection(74)-127.0.0.1] j.LocalContainerEntityManagerFactoryBean : Closing JPA EntityManagerFactory for persistence unit 'default'
2021-07-15 17:06:04.999  INFO [movie-service,,] 3460 --- [RMI TCP Connection(74)-127.0.0.1] .SchemaDropperImpl$DelayedDropActionImpl : HHH000477: Starting delayed evictData of schema as part of SessionFactory shut-down'
2021-07-15 17:06:05.274  WARN [movie-service,,] 3460 --- [RMI TCP Connection(74)-127.0.0.1] o.s.b.f.support.DisposableBeanAdapter    : Invocation of destroy method failed on bean with name 'inMemoryDatabaseShutdownExecutor': org.h2.jdbc.JdbcSQLNonTransientConnectionException: Database is already closed (to disable automatic closing at VM shutdown, add ";DB_CLOSE_ON_EXIT=FALSE" to the db URL) [90121-200]
2021-07-15 17:06:05.501  INFO [movie-service,,] 3460 --- [RMI TCP Connection(74)-127.0.0.1] com.zaxxer.hikari.HikariDataSource       : HikariPool-1 - Shutdown initiated...
2021-07-15 17:06:05.508  INFO [movie-service,,] 3460 --- [RMI TCP Connection(74)-127.0.0.1] com.zaxxer.hikari.HikariDataSource       : HikariPool-1 - Shutdown completed.
2021-07-15 17:06:05.514  INFO [movie-service,,] 3460 --- [RMI TCP Connection(74)-127.0.0.1] com.netflix.discovery.DiscoveryClient    : Shutting down DiscoveryClient ...
2021-07-15 17:06:08.560  INFO [movie-service,,] 3460 --- [RMI TCP Connection(74)-127.0.0.1] com.netflix.discovery.DiscoveryClient    : Unregistering ...
2021-07-15 17:06:08.571  INFO [movie-service,,] 3460 --- [RMI TCP Connection(74)-127.0.0.1] com.netflix.discovery.DiscoveryClient    : DiscoveryClient_MOVIE-SERVICE/movie-service:2f55ff458e0141f0aaddb76e63cc21bc - deregister  status: 200
2021-07-15 17:06:08.811  INFO [movie-service,,] 3460 --- [RMI TCP Connection(74)-127.0.0.1] com.netflix.discovery.DiscoveryClient    : Completed shut down of DiscoveryClient
